Determining if the pthread_create exist failed with the following output:
Change Dir: /home/anders/Master/Hand-eye-Calibration/Test_program/build/CMakeFiles/CMakeTmp

Run Build Command:"/usr/bin/make" "cmTC_6c287/fast"
/usr/bin/make -f CMakeFiles/cmTC_6c287.dir/build.make CMakeFiles/cmTC_6c287.dir/build
make[1]: Entering directory '/home/anders/Master/Hand-eye-Calibration/Test_program/build/CMakeFiles/CMakeTmp'
Building C object CMakeFiles/cmTC_6c287.dir/CheckSymbolExists.c.o
/usr/bin/cc    -o CMakeFiles/cmTC_6c287.dir/CheckSymbolExists.c.o   -c /home/anders/Master/Hand-eye-Calibration/Test_program/build/CMakeFiles/CMakeTmp/CheckSymbolExists.c
Linking C executable cmTC_6c287
/usr/bin/cmake -E cmake_link_script CMakeFiles/cmTC_6c287.dir/link.txt --verbose=1
/usr/bin/cc      CMakeFiles/cmTC_6c287.dir/CheckSymbolExists.c.o  -o cmTC_6c287 
CMakeFiles/cmTC_6c287.dir/CheckSymbolExists.c.o: In function `main':
CheckSymbolExists.c:(.text+0x1b): undefined reference to `pthread_create'
collect2: error: ld returned 1 exit status
CMakeFiles/cmTC_6c287.dir/build.make:97: recipe for target 'cmTC_6c287' failed
make[1]: *** [cmTC_6c287] Error 1
make[1]: Leaving directory '/home/anders/Master/Hand-eye-Calibration/Test_program/build/CMakeFiles/CMakeTmp'
Makefile:126: recipe for target 'cmTC_6c287/fast' failed
make: *** [cmTC_6c287/fast] Error 2

File /home/anders/Master/Hand-eye-Calibration/Test_program/build/CMakeFiles/CMakeTmp/CheckSymbolExists.c:
/* */
#include <pthread.h>

int main(int argc, char** argv)
{
  (void)argv;
#ifndef pthread_create
  return ((int*)(&pthread_create))[argc];
#else
  (void)argc;
  return 0;
#endif
}

Determining if the function pthread_create exists in the pthreads failed with the following output:
Change Dir: /home/anders/Master/Hand-eye-Calibration/Test_program/build/CMakeFiles/CMakeTmp

Run Build Command:"/usr/bin/make" "cmTC_2809e/fast"
/usr/bin/make -f CMakeFiles/cmTC_2809e.dir/build.make CMakeFiles/cmTC_2809e.dir/build
make[1]: Entering directory '/home/anders/Master/Hand-eye-Calibration/Test_program/build/CMakeFiles/CMakeTmp'
Building C object CMakeFiles/cmTC_2809e.dir/CheckFunctionExists.c.o
/usr/bin/cc   -DCHECK_FUNCTION_EXISTS=pthread_create   -o CMakeFiles/cmTC_2809e.dir/CheckFunctionExists.c.o   -c /usr/share/cmake-3.10/Modules/CheckFunctionExists.c
Linking C executable cmTC_2809e
/usr/bin/cmake -E cmake_link_script CMakeFiles/cmTC_2809e.dir/link.txt --verbose=1
/usr/bin/cc  -DCHECK_FUNCTION_EXISTS=pthread_create    CMakeFiles/cmTC_2809e.dir/CheckFunctionExists.c.o  -o cmTC_2809e -lpthreads 
/usr/bin/ld: cannot find -lpthreads
collect2: error: ld returned 1 exit status
CMakeFiles/cmTC_2809e.dir/build.make:97: recipe for target 'cmTC_2809e' failed
make[1]: *** [cmTC_2809e] Error 1
make[1]: Leaving directory '/home/anders/Master/Hand-eye-Calibration/Test_program/build/CMakeFiles/CMakeTmp'
Makefile:126: recipe for target 'cmTC_2809e/fast' failed
make: *** [cmTC_2809e/fast] Error 2


